<?xml version="1.0" encoding="UTF-8"?>
<!-- Generated by org.testng.reporters.JUnitReportReporter -->
<testsuite hostname="ani" failures="0" tests="1" name="com.globant.AppTest" time="0.004" errors="0" timestamp="15 jun. 2025 17:33:29 GMT" skipped="0">
  <testcase classname="com.globant.AppTest" name="shouldAnswerWithTrue" time="0.004"/>
</testsuite> <!-- com.globant.AppTest -->
